INFO [2022-06-18 15:58:12] [[1]]
INFO [2022-06-18 15:58:12] x
INFO [2022-06-18 15:58:12] 
INFO [2022-06-18 15:58:12] $filename
INFO [2022-06-18 15:58:12] NULL
INFO [2022-06-18 15:58:12] 
INFO [2022-06-18 15:58:12] $main
INFO [2022-06-18 15:58:12] [1] "ABC"
INFO [2022-06-18 15:58:12] 
INFO [2022-06-18 15:58:12] $sub
INFO [2022-06-18 15:58:12] [1] "abc"
INFO [2022-06-18 15:58:12] 
INFO [2022-06-18 15:58:12] $fill
INFO [2022-06-18 15:58:12] c("red", "green", "blue", "yellow")
INFO [2022-06-18 15:58:12] 
INFO [2022-06-18 15:58:12] $col
INFO [2022-06-18 15:58:12] [1] "grey"
INFO [2022-06-18 15:58:12] 
INFO [2022-06-18 15:58:12] $cat.cex
INFO [2022-06-18 15:58:12] [1] 10
INFO [2022-06-18 15:58:12] 
