INFO [2022-06-18 17:04:14] [[1]]
INFO [2022-06-18 17:04:14] x
INFO [2022-06-18 17:04:14] 
INFO [2022-06-18 17:04:14] $filename
INFO [2022-06-18 17:04:14] NULL
INFO [2022-06-18 17:04:14] 
INFO [2022-06-18 17:04:14] $main
INFO [2022-06-18 17:04:14] [1] "ABC"
INFO [2022-06-18 17:04:14] 
INFO [2022-06-18 17:04:14] $sub
INFO [2022-06-18 17:04:14] [1] "abc"
INFO [2022-06-18 17:04:14] 
INFO [2022-06-18 17:04:14] $fill
INFO [2022-06-18 17:04:14] c("red", "green", "blue", "yellow")
INFO [2022-06-18 17:04:14] 
INFO [2022-06-18 17:04:14] $col
INFO [2022-06-18 17:04:14] [1] "grey"
INFO [2022-06-18 17:04:14] 
INFO [2022-06-18 17:04:14] $cat.cex
INFO [2022-06-18 17:04:14] [1] 3
INFO [2022-06-18 17:04:14] 
