INFO [2022-06-18 16:41:47] [[1]]
INFO [2022-06-18 16:41:47] x
INFO [2022-06-18 16:41:47] 
INFO [2022-06-18 16:41:47] $filename
INFO [2022-06-18 16:41:47] NULL
INFO [2022-06-18 16:41:47] 
INFO [2022-06-18 16:41:47] [[1]]
INFO [2022-06-18 16:41:47] x
INFO [2022-06-18 16:41:47] 
INFO [2022-06-18 16:41:47] $filename
INFO [2022-06-18 16:41:47] NULL
INFO [2022-06-18 16:41:47] 
INFO [2022-06-18 16:41:47] $main
INFO [2022-06-18 16:41:47] [1] "ABC"
INFO [2022-06-18 16:41:47] 
INFO [2022-06-18 16:41:47] $sub
INFO [2022-06-18 16:41:47] [1] "abc"
INFO [2022-06-18 16:41:47] 
INFO [2022-06-18 16:41:47] $fill
INFO [2022-06-18 16:41:47] c("red", "green", "blue", "yellow")
INFO [2022-06-18 16:41:47] 
INFO [2022-06-18 16:41:47] $col
INFO [2022-06-18 16:41:47] [1] "grey"
INFO [2022-06-18 16:41:47] 
INFO [2022-06-18 16:41:47] $cat.cex
INFO [2022-06-18 16:41:47] [1] 3
INFO [2022-06-18 16:41:47] 
