INFO [2022-06-18 16:09:15] [[1]]
INFO [2022-06-18 16:09:15] x
INFO [2022-06-18 16:09:15] 
INFO [2022-06-18 16:09:15] $filename
INFO [2022-06-18 16:09:15] NULL
INFO [2022-06-18 16:09:15] 
INFO [2022-06-18 16:09:15] $main
INFO [2022-06-18 16:09:15] [1] "ABC"
INFO [2022-06-18 16:09:15] 
INFO [2022-06-18 16:09:15] $sub
INFO [2022-06-18 16:09:15] [1] "abc"
INFO [2022-06-18 16:09:15] 
INFO [2022-06-18 16:09:15] $fill
INFO [2022-06-18 16:09:15] c("red", "green", "blue", "yellow")
INFO [2022-06-18 16:09:15] 
INFO [2022-06-18 16:09:15] $col
INFO [2022-06-18 16:09:15] [1] "grey"
INFO [2022-06-18 16:09:15] 
INFO [2022-06-18 16:09:15] $cat.cex
INFO [2022-06-18 16:09:15] [1] 3
INFO [2022-06-18 16:09:15] 
