INFO [2022-06-25 18:59:08] [[1]]
INFO [2022-06-25 18:59:08] x
INFO [2022-06-25 18:59:08] 
INFO [2022-06-25 18:59:08] $filename
INFO [2022-06-25 18:59:08] NULL
INFO [2022-06-25 18:59:08] 
INFO [2022-06-25 18:59:08] $main
INFO [2022-06-25 18:59:08] [1] "ABC"
INFO [2022-06-25 18:59:08] 
INFO [2022-06-25 18:59:08] $sub
INFO [2022-06-25 18:59:08] [1] "abc"
INFO [2022-06-25 18:59:08] 
INFO [2022-06-25 18:59:08] $fill
INFO [2022-06-25 18:59:08] c("red", "green", "blue", "yellow")
INFO [2022-06-25 18:59:08] 
INFO [2022-06-25 18:59:08] $col
INFO [2022-06-25 18:59:08] [1] "grey"
INFO [2022-06-25 18:59:08] 
INFO [2022-06-25 18:59:08] $cat.cex
INFO [2022-06-25 18:59:08] [1] 3
INFO [2022-06-25 18:59:08] 
