INFO [2022-06-18 17:01:55] [[1]]
INFO [2022-06-18 17:01:55] x
INFO [2022-06-18 17:01:55] 
INFO [2022-06-18 17:01:55] $filename
INFO [2022-06-18 17:01:55] NULL
INFO [2022-06-18 17:01:55] 
INFO [2022-06-18 17:01:55] [[1]]
INFO [2022-06-18 17:01:55] x
INFO [2022-06-18 17:01:55] 
INFO [2022-06-18 17:01:55] $filename
INFO [2022-06-18 17:01:55] NULL
INFO [2022-06-18 17:01:55] 
INFO [2022-06-18 17:01:55] $main
INFO [2022-06-18 17:01:55] [1] "ABC"
INFO [2022-06-18 17:01:55] 
INFO [2022-06-18 17:01:55] $sub
INFO [2022-06-18 17:01:55] [1] "abc"
INFO [2022-06-18 17:01:55] 
INFO [2022-06-18 17:01:55] $fill
INFO [2022-06-18 17:01:55] c("red", "green", "blue", "yellow")
INFO [2022-06-18 17:01:55] 
INFO [2022-06-18 17:01:55] $col
INFO [2022-06-18 17:01:55] [1] "grey"
INFO [2022-06-18 17:01:55] 
INFO [2022-06-18 17:01:55] $cat.cex
INFO [2022-06-18 17:01:55] [1] 3
INFO [2022-06-18 17:01:55] 
