INFO [2022-06-18 16:49:38] [[1]]
INFO [2022-06-18 16:49:38] x
INFO [2022-06-18 16:49:38] 
INFO [2022-06-18 16:49:38] $filename
INFO [2022-06-18 16:49:38] NULL
INFO [2022-06-18 16:49:38] 
INFO [2022-06-18 16:49:38] [[1]]
INFO [2022-06-18 16:49:38] x
INFO [2022-06-18 16:49:38] 
INFO [2022-06-18 16:49:38] $filename
INFO [2022-06-18 16:49:38] NULL
INFO [2022-06-18 16:49:38] 
INFO [2022-06-18 16:49:38] $main
INFO [2022-06-18 16:49:38] [1] "ABC"
INFO [2022-06-18 16:49:38] 
INFO [2022-06-18 16:49:38] $sub
INFO [2022-06-18 16:49:38] [1] "abc"
INFO [2022-06-18 16:49:38] 
INFO [2022-06-18 16:49:38] $fill
INFO [2022-06-18 16:49:38] c("red", "green", "blue", "yellow")
INFO [2022-06-18 16:49:38] 
INFO [2022-06-18 16:49:38] $col
INFO [2022-06-18 16:49:38] [1] "grey"
INFO [2022-06-18 16:49:38] 
INFO [2022-06-18 16:49:38] $cat.cex
INFO [2022-06-18 16:49:38] [1] 3
INFO [2022-06-18 16:49:38] 
